<?xml version="1.0" encoding="UTF-8"?>
<testsuite name="is arranged" tests="3" skipped="0" failures="0" errors="0" timestamp="2022-06-15T21:02:25" hostname="Grants-MacBook-Pro.local" time="0.007">
  <properties/>
  <testcase name="by user provided criteria (by book title lexicographically descending)" classname="BookShelfSpec$WhenArranged" time="0.001"/>
  <testcase name="lexicographically by book title" classname="BookShelfSpec$WhenArranged" time="0.001"/>
  <testcase name="by book publication date in ascending order" classname="BookShelfSpec$WhenArranged" time="0.002"/>
  <system-out><![CDATA[]]></system-out>
  <system-err><![CDATA[]]></system-err>
</testsuite>
