<?xml version="1.0" encoding="UTF-8"?>
<testsuite name="after adding books" tests="2" skipped="0" failures="0" errors="0" timestamp="2022-06-14T09:59:24" hostname="Grants-MacBook-Pro.local" time="0.004">
  <properties/>
  <testcase name="contains two books" classname="BookShelfSpec$BooksAreAdded" time="0.001"/>
  <testcase name="returns an immutable books collection to client" classname="BookShelfSpec$BooksAreAdded" time="0.001"/>
  <system-out><![CDATA[]]></system-out>
  <system-err><![CDATA[]]></system-err>
</testsuite>
